<?xml version="1.0" encoding="UTF-8"?>
<!-- Generated by org.testng.reporters.JUnitReportReporter -->
<testsuite hostname="LAPTOP-OECO8K6N" failures="0" tests="1" name="TestClass.Flipkart_testClass" time="27.704" errors="0" timestamp="2023-02-08T22:12:19 IST" skipped="0">
  <testcase classname="TestClass.Flipkart_testClass" name="Test_Case" time="27.704"/>
  <system-out/>
</testsuite> <!-- TestClass.Flipkart_testClass -->
